<?xml version="1.0" encoding="UTF-8"?>
<!-- Generated by org.testng.reporters.JUnitReportReporter -->
<testsuite name="com.men.test.MenCatTest" tests="1" time="7.293" ignored="10" failures="0" timestamp="10 Apr 2021 09:48:33 GMT" skipped="0" hostname="DESKTOP-5QSTMII" errors="0">
  <testcase name="validateElementList" time="7.293" classname="com.men.test.MenCatTest"/>
  <testcase name="validateReview" classname="com.men.test.MenCatTest">
    <skipped/>
  </testcase> <!-- validateReview -->
  <testcase name="validateMencategory" classname="com.men.test.MenCatTest">
    <skipped/>
  </testcase> <!-- validateMencategory -->
  <testcase name="validateTopCategory" classname="com.men.test.MenCatTest">
    <skipped/>
  </testcase> <!-- validateTopCategory -->
  <testcase name="validateListOfDuffleBags" classname="com.men.test.MenCatTest">
    <skipped/>
  </testcase> <!-- validateListOfDuffleBags -->
  <testcase name="validateSizeChart" classname="com.men.test.MenCatTest">
    <skipped/>
  </testcase> <!-- validateSizeChart -->
  <testcase name="verifyremoveProduct" classname="com.men.test.MenCatTest">
    <skipped/>
  </testcase> <!-- verifyremoveProduct -->
  <testcase name="validatePaymentButtons" classname="com.men.test.MenCatTest">
    <skipped/>
  </testcase> <!-- validatePaymentButtons -->
  <testcase name="validateBankName" classname="com.men.test.MenCatTest">
    <skipped/>
  </testcase> <!-- validateBankName -->
  <testcase name="verifyfillupAddressUsingExcel" classname="com.men.test.MenCatTest">
    <skipped/>
  </testcase> <!-- verifyfillupAddressUsingExcel -->
  <testcase name="validatePageTitle" classname="com.men.test.MenCatTest">
    <skipped/>
  </testcase> <!-- validatePageTitle -->
</testsuite> <!-- com.men.test.MenCatTest -->
