<?xml version="1.0" encoding="UTF-8"?>
<!-- Generated by org.testng.reporters.JUnitReportReporter -->
<testsuite skipped="0" hostname="DESKTOP-5QSTMII" name="com.men.page.MenPage" tests="11" failures="0" timestamp="08 Apr 2021 04:01:58 GMT" time="132.836" errors="0">
  <testcase name="elementslist" time="6.315" classname="com.men.page.MenPage"/>
  <testcase name="Topcategory" time="0.985" classname="com.men.page.MenPage"/>
  <testcase name="listOfDuffleBags" time="6.770" classname="com.men.page.MenPage"/>
  <testcase name="Mencategory" time="20.326" classname="com.men.page.MenPage"/>
  <testcase name="verifyReview" time="7.762" classname="com.men.page.MenPage"/>
  <testcase name="verifySizeChart" time="8.654" classname="com.men.page.MenPage"/>
  <testcase name="verifyPageTitle" time="53.196" classname="com.men.page.MenPage"/>
  <testcase name="removeProduct" time="3.165" classname="com.men.page.MenPage"/>
  <testcase name="fillupAddressUsingExcel" time="12.447" classname="com.men.page.MenPage"/>
  <testcase name="verifyPaymentButtons" time="10.600" classname="com.men.page.MenPage"/>
  <testcase name="verifysomething" time="2.616" classname="com.men.page.MenPage"/>
</testsuite> <!-- com.men.page.MenPage -->
